0 info it worked if it ends with ok
1 verbose cli [ '/usr/local/bin/node', '/usr/local/bin/npm', 'run', 'test' ]
2 info using npm@3.6.0
3 info using node@v5.6.0
4 verbose run-script [ 'pretest', 'test', 'posttest' ]
5 info lifecycle my_meteor_mantra@~pretest: my_meteor_mantra@
6 silly lifecycle my_meteor_mantra@~pretest: no script for pretest, continuing
7 info lifecycle my_meteor_mantra@~test: my_meteor_mantra@
8 verbose lifecycle my_meteor_mantra@~test: unsafe-perm in lifecycle true
9 verbose lifecycle my_meteor_mantra@~test: PATH: /usr/local/lib/node_modules/npm/bin/node-gyp-bin:/Users/organized/Documents/projects_current/my_meteor_mantra/node_modules/.bin:/usr/local/bin:/usr/bin:/bin:/usr/sbin:/sbin:/usr/local/MacGPG2/bin:/Users/organized/bin:/Users/organized/bin
10 verbose lifecycle my_meteor_mantra@~test: CWD: /Users/organized/Documents/projects_current/my_meteor_mantra
11 silly lifecycle my_meteor_mantra@~test: Args: [ '-c', 'npm run lint && npm run testonly' ]
12 silly lifecycle my_meteor_mantra@~test: Returned: code: 1  signal: null
13 info lifecycle my_meteor_mantra@~test: Failed to exec test script
14 verbose stack Error: my_meteor_mantra@ test: `npm run lint && npm run testonly`
14 verbose stack Exit status 1
14 verbose stack     at EventEmitter.<anonymous> (/usr/local/lib/node_modules/npm/lib/utils/lifecycle.js:232:16)
14 verbose stack     at emitTwo (events.js:100:13)
14 verbose stack     at EventEmitter.emit (events.js:185:7)
14 verbose stack     at ChildProcess.<anonymous> (/usr/local/lib/node_modules/npm/lib/utils/spawn.js:24:14)
14 verbose stack     at emitTwo (events.js:100:13)
14 verbose stack     at ChildProcess.emit (events.js:185:7)
14 verbose stack     at maybeClose (internal/child_process.js:827:16)
14 verbose stack     at Process.ChildProcess._handle.onexit (internal/child_process.js:211:5)
15 verbose pkgid my_meteor_mantra@
16 verbose cwd /Users/organized/Documents/projects_current/my_meteor_mantra
17 error Darwin 15.5.0
18 error argv "/usr/local/bin/node" "/usr/local/bin/npm" "run" "test"
19 error node v5.6.0
20 error npm  v3.6.0
21 error code ELIFECYCLE
22 error my_meteor_mantra@ test: `npm run lint && npm run testonly`
22 error Exit status 1
23 error Failed at the my_meteor_mantra@ test script 'npm run lint && npm run testonly'.
23 error Make sure you have the latest version of node.js and npm installed.
23 error If you do, this is most likely a problem with the my_meteor_mantra package,
23 error not with npm itself.
23 error Tell the author that this fails on your system:
23 error     npm run lint && npm run testonly
23 error You can get information on how to open an issue for this project with:
23 error     npm bugs my_meteor_mantra
23 error Or if that isn't available, you can get their info via:
23 error     npm owner ls my_meteor_mantra
23 error There is likely additional logging output above.
24 verbose exit [ 1, true ]
